#
# A fatal error has been detected by the Java Runtime Environment:
#
#  EXCEPTION_ACCESS_VIOLATION (0xc0000005) at pc=0x000000001709186a, pid=8772, tid=3908
#
# JRE version: 6.0_17-b04
# Java VM: Java HotSpot(TM) 64-Bit Server VM (14.3-b01 mixed mode windows-amd64 )
# Problematic frame:
# C  0x000000001709186a
#
# If you would like to submit a bug report, please visit:
#   http://java.sun.com/webapps/bugreport/crash.jsp
# The crash happened outside the Java Virtual Machine in native code.
# See problematic frame for where to report the bug.
#

---------------  T H R E A D  ---------------

Current thread (0x000000000ec63800):  JavaThread "Main message loop" daemon [_thread_in_native, id=3908, stack(0x0000000017840000,0x00000000178c0000)]

siginfo: ExceptionCode=0xc0000005, reading address 0x0000000000000000

Registers:
EAX=0x0000000016e3a388, EBX=0x00000000555b5548, ECX=0x0000000000000000, EDX=0x0000000016e2dea0
ESP=0x00000000178ae150, EBP=0x0000000080040104, ESI=0x00000000178b5f58, EDI=0x0000000016e2ded8
EIP=0x000000001709186a, EFLAGS=0x0000000000010297

Top of Stack: (sp=0x00000000178ae150)
0x00000000178ae150:   00000000555b5548 0000000080040104
0x00000000178ae160:   00000000555b5548 0000000016e2ded8
0x00000000178ae170:   0000000000000030 000000007894f403
0x00000000178ae180:   000000003d8ebc00 0000000078bd2038
0x00000000178ae190:   0000000000000000 00000000178ae298
0x00000000178ae1a0:   00000000178ae258 00000000789ded85
0x00000000178ae1b0:   00000000358de544 000000000ec63800
0x00000000178ae1c0:   0000000000000002 0000000000000000
0x00000000178ae1d0:   0000000016e02f00 0000000078a5e66c
0x00000000178ae1e0:   000000003d8ebc00 0000000000000090
0x00000000178ae1f0:   000000000ec63800 0000000016dc0080
0x00000000178ae200:   00000000178ae3e0 0000000016dc0270
0x00000000178ae210:   0000000016dc04a0 0000000000000000
0x00000000178ae220:   0000000000000120 0000000078c963fb
0x00000000178ae230:   00000000178ae158 00000000178ae198
0x00000000178ae240:   00000000178ae221 0000000800000004 

Instructions: (pc=0x000000001709186a)
0x000000001709185a:   83 c0 08 83 38 02 7f 0d 48 8b 8c 24 90 7d 00 00
0x000000001709186a:   48 8b 01 eb 66 83 38 03 75 0e 48 8b 8c 24 90 7d 


Stack: [0x0000000017840000,0x00000000178c0000],  sp=0x00000000178ae150,  free space=440k
Native frames: (J=compiled Java code, j=interpreted, Vv=VM code, C=native code)
C  0x000000001709186a

Java frames: (J=compiled Java code, j=interpreted, Vv=VM code)
J  com.jniwrapper.Function.invokeCFunc(JJB[BII[II)I
J  com.jniwrapper.FunctionCall.a(ZJJJIBLcom/jniwrapper/Parameter;[Lcom/jniwrapper/Parameter;)J
J  com.jniwrapper.Function.invoke(Lcom/jniwrapper/Parameter;[Lcom/jniwrapper/Parameter;)J
j  com.jniwrapper.Function.invoke(Lcom/jniwrapper/Parameter;Lcom/jniwrapper/Parameter;)J+10
j  com.jniwrapper.win32.MessageLoopThread$LoopThread.run()V+299
v  ~StubRoutines::call_stub

---------------  P R O C E S S  ---------------

Java Threads: ( => current thread )
  0x000000000ec66800 JavaThread "SwingWorker-pool-6-thread-30" [_thread_blocked, id=7576, stack(0x0000000035450000,0x00000000354d0000)]
  0x000000000f3f0800 JavaThread "SwingWorker-pool-6-thread-29" [_thread_blocked, id=7804, stack(0x0000000034c00000,0x0000000034c80000)]
  0x000000000f3ef800 JavaThread "SwingWorker-pool-6-thread-28" [_thread_blocked, id=5544, stack(0x0000000034eb0000,0x0000000034f30000)]
  0x000000000f3ef000 JavaThread "SwingWorker-pool-6-thread-27" [_thread_blocked, id=8980, stack(0x0000000035100000,0x0000000035180000)]
  0x000000000ec65800 JavaThread "SwingWorker-pool-6-thread-26" [_thread_blocked, id=9192, stack(0x0000000034e30000,0x0000000034eb0000)]
  0x000000000ec68800 JavaThread "Code Analyzer updating thread" [_thread_blocked, id=7436, stack(0x0000000035380000,0x0000000035400000)]
  0x000000000ec68000 JavaThread "Code Analyzer updating thread" [_thread_blocked, id=8368, stack(0x0000000021230000,0x00000000212b0000)]
  0x000000000ec67000 JavaThread "Foxtrot Multi Worker Thread Runner #2" daemon [_thread_blocked, id=8184, stack(0x00000000209d0000,0x0000000020a50000)]
  0x000000000ec62000 JavaThread "Timer-577" daemon [_thread_blocked, id=4900, stack(0x0000000018ff0000,0x0000000019070000)]
=>0x000000000ec63800 JavaThread "Main message loop" daemon [_thread_in_native, id=3908, stack(0x0000000017840000,0x00000000178c0000)]
  0x00000000555e4000 JavaThread "com.jniwrapper.NativeResourceCollector" daemon [_thread_blocked, id=6856, stack(0x000000001a690000,0x000000001a710000)]
  0x00000000555e2800 JavaThread "Code Analyzer updating thread" [_thread_blocked, id=4544, stack(0x0000000018f10000,0x0000000018f90000)]
  0x00000000555dd800 JavaThread "Explorer NavigationContext request queue" [_thread_blocked, id=8700, stack(0x0000000018e60000,0x0000000018ee0000)]
  0x00000000555d8800 JavaThread "Code Analyzer updating thread" [_thread_blocked, id=4548, stack(0x0000000018c70000,0x0000000018cf0000)]
  0x00000000555e1000 JavaThread "Code Analyzer updating thread" [_thread_blocked, id=8424, stack(0x0000000017ad0000,0x0000000017b50000)]
  0x00000000555df800 JavaThread "Foxtrot Single Worker Thread #1" daemon [_thread_blocked, id=5920, stack(0x0000000017670000,0x00000000176f0000)]
  0x000000000ec64000 JavaThread "Prefs Updater" daemon [_thread_blocked, id=6772, stack(0x0000000019180000,0x0000000019200000)]
  0x00000000555da800 JavaThread "MultiThreadedHttpConnectionManager cleanup" daemon [_thread_blocked, id=6708, stack(0x0000000032820000,0x00000000328a0000)]
  0x00000000555e3000 JavaThread "Code Analyzer updating thread" [_thread_blocked, id=7596, stack(0x000000005b290000,0x000000005b310000)]
  0x00000000555e2000 JavaThread "Code Analyzer updating thread" [_thread_blocked, id=5552, stack(0x000000005b100000,0x000000005b180000)]
  0x00000000555e0800 JavaThread "Active Reference Queue Daemon" daemon [_thread_blocked, id=4676, stack(0x000000005b050000,0x000000005b0d0000)]
  0x00000000555de000 JavaThread "Timer-6" daemon [_thread_blocked, id=5236, stack(0x000000005ab50000,0x000000005abd0000)]
  0x00000000555df000 JavaThread "Timer-5" daemon [_thread_blocked, id=5424, stack(0x0000000050dd0000,0x0000000050e50000)]
  0x00000000555dc000 JavaThread "AddressBar directory emptiness poller" [_thread_blocked, id=4496, stack(0x000000001d230000,0x000000001d2b0000)]
  0x00000000555db800 JavaThread "Explorer Refresh Service 1438963092" [_thread_blocked, id=4728, stack(0x000000004cce0000,0x000000004cd60000)]
  0x00000000555da000 JavaThread "Timer-1" daemon [_thread_blocked, id=3488, stack(0x0000000010f70000,0x0000000010ff0000)]
  0x00000000555d7800 JavaThread "TimerQueue" daemon [_thread_blocked, id=6500, stack(0x000000000ea60000,0x000000000eae0000)]
  0x00000000555d7000 JavaThread "Thread-5" daemon [_thread_blocked, id=5564, stack(0x000000000f770000,0x000000000f7f0000)]
  0x00000000555d6000 JavaThread "AWT-EventQueue-0" [_thread_in_native, id=3364, stack(0x000000000fc60000,0x000000000fce0000)]
  0x00000000555d5800 JavaThread "AWT-Shutdown" [_thread_blocked, id=5976, stack(0x000000000fbc0000,0x000000000fc40000)]
  0x00000000555d5000 JavaThread "FelixPackageAdmin" daemon [_thread_blocked, id=5796, stack(0x000000000f9d0000,0x000000000fa50000)]
  0x000000005587d800 JavaThread "FelixStartLevel" daemon [_thread_blocked, id=6512, stack(0x000000000f900000,0x000000000f980000)]
  0x0000000055884000 JavaThread "FelixDispatchQueue" daemon [_thread_blocked, id=6560, stack(0x000000000fb20000,0x000000000fba0000)]
  0x000000005536b000 JavaThread "com.google.common.base.internal.Finalizer" daemon [_thread_blocked, id=8332, stack(0x000000000e820000,0x000000000e8a0000)]
  0x00000000552ed000 JavaThread "AWT-Windows" daemon [_thread_in_native, id=8348, stack(0x0000000008800000,0x0000000008880000)]
  0x00000000552ec000 JavaThread "Java2D Disposer" daemon [_thread_blocked, id=8276, stack(0x00000000085d0000,0x0000000008650000)]
  0x0000000054f3e000 JavaThread "Timer-0" [_thread_blocked, id=1360, stack(0x0000000008680000,0x0000000008700000)]
  0x000000000f657000 JavaThread "EventMgr Dispatcher" daemon [_thread_in_native, id=8516, stack(0x0000000008b60000,0x000000000cb60000)]
  0x000000000e640000 JavaThread "Low Memory Detector" daemon [_thread_blocked, id=8492, stack(0x000000000eae0000,0x000000000eb60000)]
  0x000000000e637800 JavaThread "CompilerThread1" daemon [_thread_blocked, id=8500, stack(0x0000000080000000,0x0000000084000000)]
  0x000000000e631800 JavaThread "CompilerThread0" daemon [_thread_blocked, id=8488, stack(0x00000000693e0000,0x000000006d3e0000)]
  0x000000000e630000 JavaThread "Attach Listener" daemon [_thread_blocked, id=1416, stack(0x000000000e9e0000,0x000000000ea60000)]
  0x000000000e5d2800 JavaThread "Finalizer" daemon [_thread_blocked, id=4000, stack(0x000000000e940000,0x000000000e9c0000)]
  0x000000000e5d1800 JavaThread "Reference Handler" daemon [_thread_blocked, id=8992, stack(0x000000000e790000,0x000000000e810000)]
  0x0000000005a84000 JavaThread "main" [_thread_in_native, id=6704, stack(0x00000000000e0000,0x00000000040e0000)]

Other Threads:
  0x0000000005b3d000 VMThread [stack: 0x00000000652b0000,0x00000000692b0000] [id=8584]
  0x000000000e65c000 WatcherThread [stack: 0x00000000840c0000,0x00000000880c0000] [id=8436]

VM state:not at safepoint (normal execution)

VM Mutex/Monitor currently owned by a thread: None

Heap
 PSYoungGen      total 25408K, used 5020K [0x0000000049bd0000, 0x000000004be70000, 0x000000004ccd0000)
  eden space 16128K, 3% used [0x0000000049bd0000,0x0000000049c6dbe8,0x000000004ab90000)
  from space 9280K, 47% used [0x000000004b560000,0x000000004b9a9598,0x000000004be70000)
  to   space 9664K, 0% used [0x000000004ab90000,0x000000004ab90000,0x000000004b500000)
 PSOldGen        total 103296K, used 78613K [0x00000000408d0000, 0x0000000046db0000, 0x0000000049bd0000)
  object space 103296K, 76% used [0x00000000408d0000,0x0000000045595620,0x0000000046db0000)
 PSPermGen       total 105216K, used 83061K [0x00000000388d0000, 0x000000003ef90000, 0x00000000408d0000)
  object space 105216K, 78% used [0x00000000388d0000,0x000000003d9ed7e8,0x000000003ef90000)

Dynamic libraries:
0x000000013fc90000 - 0x000000013fcbd000 	C:\Program Files\MATLAB\R2012b\bin\win64\MATLAB.exe
0x0000000077be0000 - 0x0000000077d89000 	C:\Windows\SYSTEM32\ntdll.dll
0x0000000077760000 - 0x000000007787f000 	C:\Windows\system32\kernel32.dll
0x000007fefe150000 - 0x000007fefe1bb000 	C:\Windows\system32\KERNELBASE.dll
0x0000000074460000 - 0x000000007451f000 	C:\Program Files\MATLAB\R2012b\bin\win64\libut.dll
0x00000000758a0000 - 0x000000007595c000 	C:\Program Files\MATLAB\R2012b\bin\win64\libmwi18n.dll
0x0000000180000000 - 0x000000018000b000 	C:\Program Files\MATLAB\R2012b\bin\win64\libmwresource_core.dll
0x00000000728e0000 - 0x00000000729b3000 	C:\Windows\WinSxS\amd64_microsoft.vc90.crt_1fc8b3b9a1e18e3b_9.0.30729.6161_none_08e61857a83bc251\MSVCP90.dll
0x00000000729c0000 - 0x0000000072a63000 	C:\Windows\WinSxS\amd64_microsoft.vc90.crt_1fc8b3b9a1e18e3b_9.0.30729.6161_none_08e61857a83bc251\MSVCR90.dll
0x000000007a170000 - 0x000000007a19c000 	C:\Program Files\MATLAB\R2012b\bin\win64\boost_filesystem-vc90-mt-1_44.dll
0x000000007a560000 - 0x000000007a569000 	C:\Program Files\MATLAB\R2012b\bin\win64\boost_system-vc90-mt-1_44.dll
0x000007feff9f0000 - 0x000007feffacb000 	C:\Windows\system32\ADVAPI32.dll
0x000007feffad0000 - 0x000007feffb6f000 	C:\Windows\system32\msvcrt.dll
0x000007feff670000 - 0x000007feff68f000 	C:\Windows\SYSTEM32\sechost.dll
0x000007fefe410000 - 0x000007fefe53d000 	C:\Windows\system32\RPCRT4.dll
0x000000007a010000 - 0x000000007a035000 	C:\Program Files\MATLAB\R2012b\bin\win64\LIBEXPAT.dll
0x000000005a800000 - 0x000000005a9f1000 	C:\Program Files\MATLAB\R2012b\bin\win64\icuin44.dll
0x000000005a680000 - 0x000000005a7f1000 	C:\Program Files\MATLAB\R2012b\bin\win64\icuuc44.dll
0x0000000010000000 - 0x0000000010e41000 	C:\Program Files\MATLAB\R2012b\bin\win64\icudt44.dll
0x0000000073f70000 - 0x000000007411d000 	C:\Program Files\MATLAB\R2012b\bin\win64\libmwfl.dll
0x00000000043a0000 - 0x0000000004756000 	C:\Program Files\MATLAB\R2012b\bin\win64\libmwMATLAB_res.dll
0x000000007a3b0000 - 0x000000007a3c0000 	C:\Program Files\MATLAB\R2012b\bin\win64\boost_date_time-vc90-mt-1_44.dll
0x000000007a250000 - 0x000000007a263000 	C:\Program Files\MATLAB\R2012b\bin\win64\boost_signals-vc90-mt-1_44.dll
0x000000007a2d0000 - 0x000000007a2e2000 	C:\Program Files\MATLAB\R2012b\bin\win64\boost_thread-vc90-mt-1_44.dll
0x0000000004190000 - 0x000000000424d000 	C:\Program Files\MATLAB\R2012b\bin\win64\boost_log-vc90-mt-1_44.dll
0x0000000077db0000 - 0x0000000077db7000 	C:\Windows\system32\PSAPI.DLL
0x000007feff920000 - 0x000007feff96d000 	C:\Windows\system32\WS2_32.dll
0x000007fefe740000 - 0x000007fefe748000 	C:\Windows\system32\NSI.dll
0x0000000004760000 - 0x00000000047a6000 	C:\Program Files\MATLAB\R2012b\bin\win64\tbb.dll
0x000007feff9d0000 - 0x000007feff9e9000 	C:\Windows\system32\imagehlp.dll
0x000000005a660000 - 0x000000005a673000 	C:\Program Files\MATLAB\R2012b\bin\win64\icuio44.dll
0x000007fef6e70000 - 0x000007fef6f95000 	C:\Windows\system32\dbghelp.dll
0x0000000077660000 - 0x000000007775a000 	C:\Windows\system32\USER32.dll
0x000007fefe6d0000 - 0x000007fefe737000 	C:\Windows\system32\GDI32.dll
0x000007fefe540000 - 0x000007fefe54e000 	C:\Windows\system32\LPK.dll
0x000007feffe20000 - 0x000007feffee9000 	C:\Windows\system32\USP10.dll
0x00000000047b0000 - 0x0000000004a8c000 	C:\Program Files\MATLAB\R2012b\bin\win64\libmwservices.dll
0x0000000075a20000 - 0x0000000075af3000 	C:\Program Files\MATLAB\R2012b\bin\win64\libmx.dll
0x0000000004a90000 - 0x0000000004ab9000 	C:\Program Files\MATLAB\R2012b\bin\win64\tbbmalloc.dll
0x000000007a210000 - 0x000000007a228000 	C:\Program Files\MATLAB\R2012b\bin\win64\zlib1.dll
0x0000000004ae0000 - 0x0000000004b2d000 	C:\Program Files\MATLAB\R2012b\bin\win64\libmwregexp.dll
0x0000000004b40000 - 0x0000000004b63000 	C:\Program Files\MATLAB\R2012b\bin\win64\libmwmfl_scalar.dll
0x0000000075f10000 - 0x0000000075f60000 	C:\Program Files\MATLAB\R2012b\bin\win64\mpath.dll
0x000000007b680000 - 0x000000007bc9a000 	C:\Program Files\MATLAB\R2012b\bin\win64\mlutil.dll
0x00000000754d0000 - 0x0000000075551000 	C:\Program Files\MATLAB\R2012b\bin\win64\xmlcore.dll
0x0000000004bb0000 - 0x0000000004e03000 	C:\Program Files\MATLAB\R2012b\bin\win64\xerces-c_2_7.dll
0x0000000004e20000 - 0x0000000004e40000 	C:\Program Files\MATLAB\R2012b\bin\win64\libmwMATLAB_settings_res.dll
0x0000000004e50000 - 0x0000000004e60000 	C:\Program Files\MATLAB\R2012b\bin\win64\boost_iostreams-vc90-mt-1_44.dll
0x0000000004e70000 - 0x0000000004eb7000 	C:\Program Files\MATLAB\R2012b\bin\win64\boost_serialization-vc90-mt-1_44.dll
0x000007fefe860000 - 0x000007feff5e8000 	C:\Windows\system32\SHELL32.dll
0x000007feff690000 - 0x000007feff701000 	C:\Windows\system32\SHLWAPI.dll
0x000007fefa770000 - 0x000007fefa810000 	C:\Windows\WinSxS\amd64_microsoft.windows.common-controls_6595b64144ccf1df_5.82.7601.17514_none_a4d6a923711520a9\COMCTL32.dll
0x000007fefe630000 - 0x000007fefe6c7000 	C:\Windows\system32\COMDLG32.dll
0x000007fefd450000 - 0x000007fefd466000 	C:\Windows\system32\NETAPI32.dll
0x000007fefd850000 - 0x000007fefd85c000 	C:\Windows\system32\netutils.dll
0x000007fefdb90000 - 0x000007fefdbb3000 	C:\Windows\system32\srvcli.dll
0x000007fefd3e0000 - 0x000007fefd3f5000 	C:\Windows\system32\wkscli.dll
0x000007feff710000 - 0x000007feff913000 	C:\Windows\system32\ole32.dll
0x000007fefe550000 - 0x000007fefe627000 	C:\Windows\system32\OLEAUT32.dll
0x0000000074970000 - 0x0000000074a31000 	C:\Program Files\MATLAB\R2012b\bin\win64\mcr.dll
0x0000000075000000 - 0x00000000753e9000 	C:\Program Files\MATLAB\R2012b\bin\win64\iqm.dll
0x0000000074e80000 - 0x0000000074f38000 	C:\Program Files\MATLAB\R2012b\bin\win64\m_dispatcher.dll
0x0000000074880000 - 0x000000007496d000 	C:\Program Files\MATLAB\R2012b\bin\win64\boost_regex-vc90-mt-1_44.dll
0x000007feee440000 - 0x000007feeecb1000 	C:\Program Files\MATLAB\R2012b\bin\win64\m_interpreter.dll
0x000000005a630000 - 0x000000005a657000 	C:\Program Files\MATLAB\R2012b\bin\win64\libmex.dll
0x000000005a5a0000 - 0x000000005a624000 	C:\Program Files\MATLAB\R2012b\bin\win64\profiler.dll
0x0000000004f40000 - 0x00000000051aa000 	C:\Program Files\MATLAB\R2012b\bin\win64\libmwmathutil.dll
0x0000000079f40000 - 0x0000000079f6e000 	C:\Program Files\MATLAB\R2012b\bin\win64\libmwmathrng.dll
0x00000000051d0000 - 0x00000000051e2000 	C:\Program Files\MATLAB\R2012b\bin\win64\libmwmfl_rng.dll
0x0000000074c10000 - 0x0000000074cee000 	C:\Program Files\MATLAB\R2012b\bin\win64\libmwmathcore.dll
0x0000000076160000 - 0x00000000761ca000 	C:\Program Files\MATLAB\R2012b\bin\win64\libmwspmatrix.dll
0x0000000075ea0000 - 0x0000000075f02000 	C:\Program Files\MATLAB\R2012b\bin\win64\libmwcholmod.dll
0x000000007a460000 - 0x000000007a46d000 	C:\Program Files\MATLAB\R2012b\bin\win64\libmwamd.dll
0x000000007a4b0000 - 0x000000007a4bc000 	C:\Program Files\MATLAB\R2012b\bin\win64\libmwcolamd.dll
0x000000007a290000 - 0x000000007a2a9000 	C:\Program Files\MATLAB\R2012b\bin\win64\libmwblas.dll
0x000000007a310000 - 0x000000007a321000 	C:\Program Files\MATLAB\R2012b\bin\win64\libmwbinder.dll
0x000000007a4d0000 - 0x000000007a4dc000 	C:\Program Files\MATLAB\R2012b\bin\win64\libmwompwrapper.dll
0x0000000005280000 - 0x0000000005305000 	C:\Program Files\MATLAB\R2012b\bin\win64\libmwlapack.dll
0x000000005a570000 - 0x000000005a591000 	C:\Program Files\MATLAB\R2012b\bin\win64\m_pcodeio.dll
0x0000000079b10000 - 0x0000000079b77000 	C:\Program Files\MATLAB\R2012b\bin\win64\m_ir.dll
0x0000000059f00000 - 0x000000005a570000 	C:\Program Files\MATLAB\R2012b\bin\win64\m_parser.dll
0x0000000059ee0000 - 0x0000000059efa000 	C:\Program Files\MATLAB\R2012b\bin\win64\ir_xfmr.dll
0x000007feefda0000 - 0x000007fef0036000 	C:\Program Files\MATLAB\R2012b\bin\win64\mcos.dll
0x0000000059ec0000 - 0x0000000059ed1000 	C:\Program Files\MATLAB\R2012b\bin\win64\mtok.dll
0x0000000059e80000 - 0x0000000059eb1000 	C:\Program Files\MATLAB\R2012b\bin\win64\m_pcodegen.dll
0x0000000079fb0000 - 0x0000000079fe6000 	C:\Program Files\MATLAB\R2012b\bin\win64\libmwbridge.dll
0x0000000059db0000 - 0x0000000059e78000 	C:\Program Files\MATLAB\R2012b\bin\win64\udd.dll
0x0000000059c50000 - 0x0000000059da2000 	C:\Program Files\MATLAB\R2012b\bin\win64\libmwgui.dll
0x0000000059c30000 - 0x0000000059c47000 	C:\Program Files\MATLAB\R2012b\bin\win64\graphics_util.dll
0x00000000591d0000 - 0x0000000059c2f000 	C:\Program Files\MATLAB\R2012b\bin\win64\hg.dll
0x00000000053e0000 - 0x0000000005448000 	C:\Program Files\MATLAB\R2012b\bin\win64\libmat.dll
0x0000000072d30000 - 0x0000000072f44000 	C:\Program Files\MATLAB\R2012b\bin\win64\hdf5dll.dll
0x0000000075710000 - 0x00000000757de000 	C:\Program Files\MATLAB\R2012b\bin\win64\jmi.dll
0x0000000005480000 - 0x000000000548d000 	C:\Program Files\MATLAB\R2012b\bin\win64\nativejava_services.dll
0x0000000059180000 - 0x00000000591c6000 	C:\Program Files\MATLAB\R2012b\bin\win64\libmwhardcopy.dll
0x0000000059110000 - 0x0000000059173000 	C:\Program Files\MATLAB\R2012b\bin\win64\libuij.dll
0x0000000058ea0000 - 0x0000000059104000 	C:\Program Files\MATLAB\R2012b\bin\win64\hgdatatypes.dll
0x0000000058d80000 - 0x0000000058e9f000 	C:\Program Files\MATLAB\R2012b\bin\win64\hgutils.dll
0x0000000058cc0000 - 0x0000000058d80000 	C:\Program Files\MATLAB\R2012b\bin\win64\udd_mi.dll
0x00000000054f0000 - 0x000000000552b000 	C:\Program Files\MATLAB\R2012b\bin\win64\libmwgbtutils.dll
0x0000000005540000 - 0x000000000555b000 	C:\Program Files\MATLAB\R2012b\bin\win64\libmwgbt.dll
0x0000000005570000 - 0x0000000005841000 	C:\Program Files\MATLAB\R2012b\bin\win64\uiw.dll
0x000000005cfa0000 - 0x000000005cfaf000 	C:\Program Files\MATLAB\R2012b\bin\win64\uinone.dll
0x0000000005870000 - 0x0000000005899000 	C:\Program Files\MATLAB\R2012b\bin\win64\libmwnativefiledialogs.dll
0x00000000058b0000 - 0x00000000058b8000 	C:\Program Files\MATLAB\R2012b\bin\win64\libmwplatform_res.dll
0x000007fef52d0000 - 0x000007fef52e8000 	C:\Windows\system32\MPR.dll
0x00000000587d0000 - 0x0000000058cb4000 	C:\Windows\WinSxS\amd64_microsoft.vc90.mfc_1fc8b3b9a1e18e3b_9.0.30729.6161_none_044aad0bab1eb146\mfc90.dll
0x000007fefb530000 - 0x000007fefb537000 	C:\Windows\system32\MSIMG32.dll
0x000007fefb4b0000 - 0x000007fefb521000 	C:\Windows\system32\WINSPOOL.DRV
0x00000000587a0000 - 0x00000000587c2000 	C:\Program Files\MATLAB\R2012b\bin\win64\mwoles05.DLL
0x0000000058720000 - 0x000000005879d000 	C:\Program Files\MATLAB\R2012b\bin\win64\comcli.dll
0x0000000070850000 - 0x000000007087f000 	C:\Windows\WinSxS\amd64_microsoft.vc90.atl_1fc8b3b9a1e18e3b_9.0.30729.6161_none_0a1fd3a3a768b895\ATL90.DLL
0x000000005b9b0000 - 0x000000005b9bc000 	C:\Program Files\MATLAB\R2012b\bin\win64\mlautoregister.dll
0x000007feffb70000 - 0x000007feffb9e000 	C:\Windows\system32\IMM32.DLL
0x000007fefe750000 - 0x000007fefe859000 	C:\Windows\system32\MSCTF.dll
0x000007fefc5d0000 - 0x000007fefc626000 	C:\Windows\system32\UxTheme.dll
0x000007fefc240000 - 0x000007fefc258000 	C:\Windows\system32\dwmapi.dll
0x0000000058710000 - 0x000000005871d000 	C:\Windows\WinSxS\amd64_microsoft.vc90.mfcloc_1fc8b3b9a1e18e3b_9.0.30729.6161_none_01c9581e60cbee58\MFC90ENU.DLL
0x000007fefe040000 - 0x000007fefe04f000 	C:\Windows\system32\profapi.dll
0x0000000005b70000 - 0x0000000005b7f000 	C:\Program Files\MATLAB\R2012b\bin\win64\xmlxrcsc.dll
0x000007fefdf70000 - 0x000007fefdf7f000 	C:\Windows\system32\CRYPTBASE.dll
0x000007fefc950000 - 0x000007fefcb44000 	C:\Windows\WinSxS\amd64_microsoft.windows.common-controls_6595b64144ccf1df_6.0.7601.17514_none_fa396087175ac9ac\comctl32.dll
0x000007feffba0000 - 0x000007feffd77000 	C:\Windows\system32\SETUPAPI.dll
0x000007fefe330000 - 0x000007fefe366000 	C:\Windows\system32\CFGMGR32.dll
0x000007fefe0f0000 - 0x000007fefe10a000 	C:\Windows\system32\DEVOBJ.dll
0x000007feffd80000 - 0x000007feffe19000 	C:\Windows\system32\CLBCatQ.DLL
0x000007fefc670000 - 0x000007fefc79c000 	C:\Windows\system32\propsys.dll
0x000007fefc920000 - 0x000007fefc94d000 	C:\Windows\system32\ntmarta.dll

VM Arguments:
jvm_args: -Xss512k -XX:PermSize=32m -Xms64m -XX:NewRatio=3 -XX:MaxPermSize=128m -Xmx196m -XX:MaxDirectMemorySize=2147400000 -Dsun.java2d.noddraw=true -Dsun.awt.nopixfmt=true -Xshare:off -Xrs -Dsun.awt.disableMixing=true -Djava.library.path=C:\Program Files\MATLAB\R2012b\bin\win64;C:\Program Files\MATLAB\R2012b\sys\jxbrowser\win64\lib vfprintf abort 
java_command: <unknown>
Launcher Type: generic

Environment Variables:
PATH=C:\Program Files\Common Files\Microsoft Shared\Windows Live;C:\Program Files (x86)\Common Files\Microsoft Shared\Windows Live;C:\Windows\system32;C:\Windows;C:\Windows\System32\Wbem;C:\Windows\System32\WindowsPowerShell\v1.0\;C:\Program Files\Intel\WiFi\bin\;C:\Program Files\Common Files\Intel\WirelessCommon\;C:\Program Files (x86)\Intel\Services\IPT\;C:\Program Files (x86)\Windows Live\Shared;C:\Program Files\MATLAB\MATLAB Compiler Runtime\v80\runtime\win64;C:\Program Files (x86)\Pinnacle\Shared Files\;C:\Program Files (x86)\Pinnacle\Shared Files\Filter\;C:\Program Files\MATLAB\R2012b\runtime\win64;C:\Program Files\MATLAB\R2012b\bin;C:\Program Files\Microsoft SQL Server\110\Tools\Binn\;c:\Program Files (x86)\Microsoft SQL Server\100\Tools\Binn\;c:\Program Files\Microsoft SQL Server\100\Tools\Binn\;c:\Program Files\Microsoft SQL Server\100\DTS\Binn\;C:\Program Files\MATLAB\R2012b\toolbox\imaq\imaqextern\drivers\win64\genicam\GenICam_v2_3\bin\Win64_x64
USERNAME=Drew
OS=Windows_NT
PROCESSOR_IDENTIFIER=Intel64 Family 6 Model 42 Stepping 7, GenuineIntel



---------------  S Y S T E M  ---------------

OS: Windows 7 Build 7601 Service Pack 1

CPU:total 4 (8 cores per cpu, 2 threads per core) family 6 model 42 stepping 7, cmov, cx8, fxsr, mmx, sse, sse2, sse3, ssse3, sse4.1, sse4.2, ht

Memory: 4k page, physical 4078252k(1233648k free), swap 8154648k(4622072k free)

vm_info: Java HotSpot(TM) 64-Bit Server VM (14.3-b01) for windows-amd64 JRE (1.6.0_17-b04), built on Oct 11 2009 00:46:08 by "java_re" with MS VC++ 8.0

time: Sun Mar 10 22:47:50 2013
elapsed time: 39438 seconds

